{
  "RSpec": {
    "coverage": {
      "/Users/rsolorzano/workspace/code_challenge/car-pooling-challenge-rafa.a.solorzano/app.rb": {
        "lines": [
          null,
          null,
          1,
          1,
          1,
          null,
          1,
          1,
          1,
          null,
          1,
          1,
          1,
          null,
          1,
          null,
          1,
          null,
          null,
          1
        ]
      },
      "/Users/rsolorzano/workspace/code_challenge/car-pooling-challenge-rafa.a.solorzano/services/journey_service.rb": {
        "lines": [
          null,
          null,
          1,
          1,
          0,
          null,
          null,
          1,
          0,
          0,
          0,
          null,
          0,
          null,
          0,
          null,
          null,
          0,
          null,
          0,
          0,
          0,
          null,
          null,
          1,
          0,
          null,
          0,
          null,
          null,
          1,
          0,
          0,
          null,
          0,
          null,
          0,
          null,
          0,
          null,
          null,
          1,
          1,
          1,
          1,
          null,
          null
        ]
      },
      "/Users/rsolorzano/workspace/code_challenge/car-pooling-challenge-rafa.a.solorzano/models/car.rb": {
        "lines": [
          null,
          null,
          1,
          1,
          null,
          1,
          null,
          null,
          null,
          1,
          null,
          null,
          null,
          1,
          null,
          1,
          null,
          0,
          null,
          null,
          1,
          null,
          0,
          null,
          null,
          1,
          0,
          0,
          0,
          0,
          null,
          0,
          null,
          0,
          null,
          null,
          1,
          0,
          0,
          null,
          null,
          1,
          0,
          0,
          0,
          0,
          0,
          0,
          null,
          null,
          null,
          1,
          0,
          0,
          null,
          null,
          1,
          1,
          1,
          null,
          null
        ]
      },
      "/Users/rsolorzano/workspace/code_challenge/car-pooling-challenge-rafa.a.solorzano/models/group.rb": {
        "lines": [
          null,
          null,
          1,
          1,
          null,
          1,
          null,
          1,
          null,
          0,
          null,
          null
        ]
      },
      "/Users/rsolorzano/workspace/code_challenge/car-pooling-challenge-rafa.a.solorzano/models/journey.rb": {
        "lines": [
          null,
          null,
          1,
          1,
          null,
          1,
          1,
          null,
          1,
          1,
          null,
          1,
          1,
          null,
          null
        ]
      },
      "/Users/rsolorzano/workspace/code_challenge/car-pooling-challenge-rafa.a.solorzano/controllers/base.rb": {
        "lines": [
          null,
          null,
          1,
          1,
          1,
          null,
          1,
          1,
          null,
          null,
          1,
          1,
          1,
          null,
          1,
          1,
          1,
          null,
          null,
          1,
          0,
          null,
          0,
          null,
          null,
          1,
          0,
          0,
          null,
          null,
          1,
          0,
          null,
          0,
          null,
          null,
          1,
          0,
          0,
          null,
          null,
          1,
          0,
          null,
          null,
          1,
          0,
          null,
          null,
          1,
          0,
          0,
          null,
          0,
          null,
          null
        ]
      },
      "/Users/rsolorzano/workspace/code_challenge/car-pooling-challenge-rafa.a.solorzano/controllers/cars.rb": {
        "lines": [
          null,
          null,
          1,
          0,
          0,
          null,
          0,
          0,
          null,
          0,
          null
        ]
      },
      "/Users/rsolorzano/workspace/code_challenge/car-pooling-challenge-rafa.a.solorzano/controllers/journeys.rb": {
        "lines": [
          null,
          null,
          1,
          0,
          null,
          0,
          0,
          null,
          0,
          0,
          null,
          0,
          0,
          0,
          null,
          0,
          null,
          null,
          1,
          0,
          null,
          0,
          0,
          0,
          0,
          null,
          0,
          0,
          null,
          0,
          null,
          0,
          null,
          null,
          1,
          0,
          null,
          0,
          null,
          0,
          null,
          0,
          null,
          0,
          null,
          0,
          null
        ]
      },
      "/Users/rsolorzano/workspace/code_challenge/car-pooling-challenge-rafa.a.solorzano/controllers/status.rb": {
        "lines": [
          null,
          null,
          1,
          0,
          0,
          null
        ]
      }
    },
    "timestamp": 1638999527
  }
}
